<?xml version="1.0" encoding="UTF-8"?>
<testsuite xmlns:xsi="http://www.w3.org/2001/XMLSchema-instance" xsi:noNamespaceSchemaLocation="https://maven.apache.org/surefire/maven-surefire-plugin/xsd/surefire-test-report-3.0.xsd" version="3.0" name="com.collectorshop.controller.ItemApiIntegrationTest" time="0.003" tests="1" errors="0" skipped="1" failures="0">
  <properties/>
  <testcase name="getItems_returnsOkWithList" classname="com.collectorshop.controller.ItemApiIntegrationTest" time="0.0">
    <skipped message="disabledWithoutDocker is true and Docker is not available"/>
    <system-out><![CDATA[21:48:39.855 [main] INFO org.testcontainers.DockerClientFactory -- Testcontainers version: 1.20.2
21:48:40.210 [main] INFO org.testcontainers.dockerclient.DockerMachineClientProviderStrategy -- docker-machine executable was not found on PATH ([C:\Program Files\Common Files\Oracle\Java\javapath, C:\WINDOWS\system32, C:\WINDOWS, C:\WINDOWS\System32\Wbem, C:\WINDOWS\System32\WindowsPowerShell\v1.0\, C:\WINDOWS\System32\OpenSSH\, C:\msys64\mingw64\bin, C:\Program Files\Git\cmd, C:\Program Files\doxygen\bin, C:\Users\Amine MHA\Desktop\L2 Informatique\S4\GL-QL\TP1\sonar-scanner-cli-4.6.2.2472-windows\bin, C:\composer, C:\Program Files\TortoiseGit\bin, C:\Program Files\dotnet\, C:\php8, C:\Program Files\MongoDB\Server\8.0\bin, C:\Hbase\hbase-2.6.1-bin\hbase-2.6.1\bin, C:\Program Files\nodejs\, C:\Program Files\Docker\Docker\resources\bin, D:\Apache\apache-maven-3.9.12\bin, C:\Program Files\Java\jdk-21\bin, C:\Users\Amine MHA\AppData\Local\Programs\Python\Python311\Scripts\, C:\Users\Amine MHA\AppData\Local\Programs\Python\Python311\, C:\Users\Amine MHA\AppData\Local\Programs\Python\Python312\Scripts\, C:\Users\Amine MHA\AppData\Local\Programs\Python\Python312\, C:\Users\Amine MHA\scoop\shims, C:\Users\Amine MHA\AppData\Local\Programs\Python\Python310\Scripts\, C:\Users\Amine MHA\AppData\Local\Programs\Python\Python310\, C:\Users\Amine MHA\AppData\Local\Microsoft\WindowsApps, C:\Users\Amine MHA\AppData\Local\Programs\Microsoft VS Code\bin, C:\php8, , C:\Program Files\JetBrains\PhpStorm 2024.1.3\bin, , C:\Users\Amine MHA\AppData\Roaming\Composer\vendor\bin, C:\Users\Amine MHA\AppData\Roaming\npm, C:\Users\Amine MHA\AppData\Local\Programs\Antigravity\bin, C:\Users\Amine MHA\AppData\Local\Programs\cursor\resources\app\bin, c:\Users\Amine MHA\.cursor\extensions\vscjava.vscode-java-debug-0.58.5-universal\bundled\scripts\noConfigScripts])
21:48:40.210 [main] ERROR org.testcontainers.dockerclient.DockerClientProviderStrategy -- Could not find a valid Docker environment. Please check configuration. Attempted configurations were:
As no valid configuration was found, execution cannot continue.
See https://java.testcontainers.org/on_failure.html for more details.
]]></system-out>
  </testcase>
</testsuite>