# JRE version: Java(TM) SE Runtime Environment (21.0.2+13) (build 21.0.2+13-LTS-58)
# Java VM: Java HotSpot(TM) 64-Bit Server VM (21.0.2+13-LTS-58, mixed mode, sharing, tiered, compressed oops, compressed class ptrs, g1 gc, windows-amd64)
GC Precious Log:
 CardTable entry size: 512
 Card Set container configuration: InlinePtr #cards 4 size 8 Array Of Cards #cards 16 size 48 Howl #buckets 8 coarsen threshold 3686 Howl Bitmap #cards 512 size 80 coarsen threshold 460 Card regions per heap region 1 cards per card region 4096
 CPUs: 8 total, 8 available
 Memory: 16183M
 Large Page Support: Disabled
 NUMA Support: Disabled
 Compressed Oops: Enabled (Zero based)
 Heap Region Size: 2M
 Heap Min Capacity: 8M
 Heap Initial Capacity: 254M
 Heap Max Capacity: 4046M
 Pre-touch: Disabled
 Parallel Workers: 8
 Concurrent Workers: 2
 Concurrent Refinement Workers: 8
 Periodic GC: Disabled
Heap:
 garbage-first heap   total 862208K, used 793221K [0x0000000703200000, 0x0000000800000000)
  region size 2048K, 216 young (442368K), 25 survivors (51200K)
 Metaspace       used 51946K, committed 52608K, reserved 1114112K
  class space    used 5454K, committed 5760K, reserved 1048576K
GC Heap History (20 events):
Event: 32.538 GC heap after
{Heap after GC invocations=25 (full 0):
 garbage-first heap   total 247808K, used 102649K [0x0000000703200000, 0x0000000800000000)
  region size 2048K, 6 young (12288K), 6 survivors (12288K)
 Metaspace       used 51276K, committed 51840K, reserved 1114112K
  class space    used 5410K, committed 5696K, reserved 1048576K
}
Event: 32.895 GC heap before
{Heap before GC invocations=25 (full 0):
 garbage-first heap   total 247808K, used 194809K [0x0000000703200000, 0x0000000800000000)
  region size 2048K, 51 young (104448K), 6 survivors (12288K)
 Metaspace       used 51286K, committed 51840K, reserved 1114112K
  class space    used 5410K, committed 5696K, reserved 1048576K
}
Event: 32.908 GC heap after
{Heap after GC invocations=26 (full 0):
 garbage-first heap   total 657408K, used 111799K [0x0000000703200000, 0x0000000800000000)
  region size 2048K, 5 young (10240K), 5 survivors (10240K)
 Metaspace       used 51286K, committed 51840K, reserved 1114112K
  class space    used 5410K, committed 5696K, reserved 1048576K
}
Event: 42.661 GC heap before
{Heap before GC invocations=26 (full 0):
 garbage-first heap   total 657408K, used 521399K [0x0000000703200000, 0x0000000800000000)
  region size 2048K, 162 young (331776K), 5 survivors (10240K)
 Metaspace       used 51554K, committed 52160K, reserved 1114112K
  class space    used 5443K, committed 5760K, reserved 1048576K
}
Event: 42.688 GC heap after
{Heap after GC invocations=27 (full 0):
 garbage-first heap   total 657408K, used 144912K [0x0000000703200000, 0x0000000800000000)
  region size 2048K, 18 young (36864K), 18 survivors (36864K)
 Metaspace       used 51554K, committed 52160K, reserved 1114112K
  class space    used 5443K, committed 5760K, reserved 1048576K
}
Event: 51.746 GC heap before
{Heap before GC invocations=27 (full 0):
 garbage-first heap   total 657408K, used 597520K [0x0000000703200000, 0x0000000800000000)
  region size 2048K, 192 young (393216K), 18 survivors (36864K)
 Metaspace       used 51697K, committed 52288K, reserved 1114112K
  class space    used 5450K, committed 5760K, reserved 1048576K
}
Event: 51.774 GC heap after
{Heap after GC invocations=28 (full 0):
 garbage-first heap   total 657408K, used 175229K [0x0000000703200000, 0x0000000800000000)
  region size 2048K, 14 young (28672K), 14 survivors (28672K)
 Metaspace       used 51697K, committed 52288K, reserved 1114112K
  class space    used 5450K, committed 5760K, reserved 1048576K
}
Event: 52.533 GC heap before
{Heap before GC invocations=28 (full 0):
 garbage-first heap   total 657408K, used 539773K [0x0000000703200000, 0x0000000800000000)
  region size 2048K, 192 young (393216K), 14 survivors (28672K)
 Metaspace       used 51713K, committed 52288K, reserved 1114112K
  class space    used 5450K, committed 5760K, reserved 1048576K
}
Event: 52.565 GC heap after
{Heap after GC invocations=29 (full 0):
 garbage-first heap   total 657408K, used 204317K [0x0000000703200000, 0x0000000800000000)
  region size 2048K, 16 young (32768K), 16 survivors (32768K)
 Metaspace       used 51713K, committed 52288K, reserved 1114112K
  class space    used 5450K, committed 5760K, reserved 1048576K
}
Event: 61.847 GC heap before
{Heap before GC invocations=29 (full 0):
 garbage-first heap   total 657408K, used 472605K [0x0000000703200000, 0x0000000800000000)
  region size 2048K, 90 young (184320K), 16 survivors (32768K)
 Metaspace       used 51764K, committed 52352K, reserved 1114112K
  class space    used 5452K, committed 5760K, reserved 1048576K
}
Event: 61.867 GC heap after
{Heap after GC invocations=30 (full 0):
 garbage-first heap   total 657408K, used 265894K [0x0000000703200000, 0x0000000800000000)
  region size 2048K, 16 young (32768K), 16 survivors (32768K)
 Metaspace       used 51764K, committed 52352K, reserved 1114112K
  class space    used 5452K, committed 5760K, reserved 1048576K
}
Event: 62.272 GC heap before
{Heap before GC invocations=30 (full 0):
 garbage-first heap   total 657408K, used 573094K [0x0000000703200000, 0x0000000800000000)
  region size 2048K, 164 young (335872K), 16 survivors (32768K)
 Metaspace       used 51798K, committed 52416K, reserved 1114112K
  class space    used 5453K, committed 5760K, reserved 1048576K
}
Event: 62.289 GC heap after
{Heap after GC invocations=31 (full 0):
 garbage-first heap   total 657408K, used 253750K [0x0000000703200000, 0x0000000800000000)
  region size 2048K, 12 young (24576K), 12 survivors (24576K)
 Metaspace       used 51798K, committed 52416K, reserved 1114112K
  class space    used 5453K, committed 5760K, reserved 1048576K
}
Event: 62.654 GC heap before
{Heap before GC invocations=31 (full 0):
 garbage-first heap   total 657408K, used 569142K [0x0000000703200000, 0x0000000800000000)
  region size 2048K, 166 young (339968K), 12 survivors (24576K)
 Metaspace       used 51809K, committed 52416K, reserved 1114112K
  class space    used 5453K, committed 5760K, reserved 1048576K
}
Event: 62.672 GC heap after
{Heap after GC invocations=32 (full 0):
 garbage-first heap   total 657408K, used 268520K [0x0000000703200000, 0x0000000800000000)
  region size 2048K, 10 young (20480K), 10 survivors (20480K)
 Metaspace       used 51809K, committed 52416K, reserved 1114112K
  class space    used 5453K, committed 5760K, reserved 1048576K
}
Event: 71.883 GC heap before
{Heap before GC invocations=32 (full 0):
 garbage-first heap   total 657408K, used 401640K [0x0000000703200000, 0x0000000800000000)
  region size 2048K, 57 young (116736K), 10 survivors (20480K)
 Metaspace       used 51831K, committed 52416K, reserved 1114112K
  class space    used 5453K, committed 5760K, reserved 1048576K
}
Event: 71.894 GC heap after
{Heap after GC invocations=33 (full 0):
 garbage-first heap   total 792576K, used 288239K [0x0000000703200000, 0x0000000800000000)
  region size 2048K, 11 young (22528K), 11 survivors (22528K)
 Metaspace       used 51831K, committed 52416K, reserved 1114112K
  class space    used 5453K, committed 5760K, reserved 1048576K
}
Event: 72.731 GC heap before
{Heap before GC invocations=33 (full 0):
 garbage-first heap   total 792576K, used 744943K [0x0000000703200000, 0x0000000800000000)
  region size 2048K, 206 young (421888K), 11 survivors (22528K)
 Metaspace       used 51914K, committed 52480K, reserved 1114112K
  class space    used 5453K, committed 5760K, reserved 1048576K
}
Event: 72.754 GC heap after
{Heap after GC invocations=34 (full 0):
 garbage-first heap   total 794624K, used 305797K [0x0000000703200000, 0x0000000800000000)
  region size 2048K, 24 young (49152K), 24 survivors (49152K)
 Metaspace       used 51914K, committed 52480K, reserved 1114112K
  class space    used 5453K, committed 5760K, reserved 1048576K
}
Event: 81.786 GC heap before
{Heap before GC invocations=34 (full 0):
 garbage-first heap   total 794624K, used 793221K [0x0000000703200000, 0x0000000800000000)
  region size 2048K, 215 young (440320K), 24 survivors (49152K)
 Metaspace       used 51946K, committed 52608K, reserved 1114112K
  class space    used 5454K, committed 5760K, reserved 1048576K
}

